have_library: checking for usb_init() in -lusb... -------------------- no

"gcc -o conftest -I. -I/System/Library/Frameworks/Ruby.framework/Versions/1.8/usr/lib/ruby/1.8/universal-darwin11.0 -I.  -D_XOPEN_SOURCE -D_DARWIN_C_SOURCE   -arch i386 -arch x86_64 -g -Os -pipe -fno-common -DENABLE_DTRACE  -fno-common  -pipe -fno-common   conftest.c  -L. -L/System/Library/Frameworks/Ruby.framework/Versions/1.8/usr/lib -L. -arch i386 -arch x86_64      -lruby -lusb  -lpthread -ldl  "
conftest.c: In function ‘t’:
conftest.c:3: error: ‘usb_init’ undeclared (first use in this function)
conftest.c:3: error: (Each undeclared identifier is reported only once
conftest.c:3: error: for each function it appears in.)
conftest.c: In function ‘t’:
conftest.c:3: error: ‘usb_init’ undeclared (first use in this function)
conftest.c:3: error: (Each undeclared identifier is reported only once
conftest.c:3: error: for each function it appears in.)
lipo: can't figure out the architecture type of: /var/folders/yv/c2r06v597n5bdpw_bf8qcmb80000gp/T//ccoOdXex.out
checked program was:
/* begin */
1: /*top*/
2: int main() { return 0; }
3: int t() { void ((*volatile p)()); p = (void ((*)()))usb_init; return 0; }
/* end */

"gcc -o conftest -I. -I/System/Library/Frameworks/Ruby.framework/Versions/1.8/usr/lib/ruby/1.8/universal-darwin11.0 -I.  -D_XOPEN_SOURCE -D_DARWIN_C_SOURCE   -arch i386 -arch x86_64 -g -Os -pipe -fno-common -DENABLE_DTRACE  -fno-common  -pipe -fno-common   conftest.c  -L. -L/System/Library/Frameworks/Ruby.framework/Versions/1.8/usr/lib -L. -arch i386 -arch x86_64      -lruby -lusb  -lpthread -ldl  "
ld: warning: ignoring file /usr/local/lib/libusb.dylib, file was built for unsupported file format which is not the architecture being linked (i386)
Undefined symbols for architecture i386:
  "_usb_init", referenced from:
      _t in cc1jogpT.o
ld: symbol(s) not found for architecture i386
collect2: ld returned 1 exit status
lipo: can't open input file: /var/folders/yv/c2r06v597n5bdpw_bf8qcmb80000gp/T//cck9xeTb.out (No such file or directory)
checked program was:
/* begin */
1: /*top*/
2: int main() { return 0; }
3: int t() { usb_init(); return 0; }
/* end */

--------------------

have_header: checking for ruby/st.h... -------------------- yes

"gcc -E -I. -I/System/Library/Frameworks/Ruby.framework/Versions/1.8/usr/lib/ruby/1.8/universal-darwin11.0 -I.  -D_XOPEN_SOURCE -D_DARWIN_C_SOURCE     -g -Os -pipe -fno-common -DENABLE_DTRACE  -fno-common  -pipe -fno-common    conftest.c -o conftest.i"
checked program was:
/* begin */
1: #include <ruby/st.h>
/* end */

--------------------

